INFO:logger:Logger initialized...
INFO:logger:Starting the application...
INFO:logger:Logger initialized...
INFO:logger:Starting the application...
INFO:logger:Logger initialized...
INFO:logger:Starting the application...
INFO:logger:Logger initialized...
INFO:logger:Starting the application...
INFO:logger:Logger initialized...
INFO:logger:Starting the application...
INFO:logger:Logger initialized...
INFO:logger:Starting the application...
INFO:logger:Logger initialized...
INFO:logger:Starting the application...
INFO:logger:Logger initialized...
INFO:logger:Starting the application...
INFO:logger:Logger initialized...
INFO:logger:Starting the application...
INFO:werkzeug:[31m[1mWARNING: This is a development server. Do not use it in a production deployment. Use a production WSGI server instead.[0m
 * Running on all addresses (0.0.0.0)
 * Running on https://127.0.0.1:8080
 * Running on https://172.21.0.3:8080
INFO:werkzeug:[33mPress CTRL+C to quit[0m
INFO:werkzeug: * Restarting with stat
INFO:logger:Logger initialized...
INFO:logger:Starting the application...
WARNING:werkzeug: * Debugger is active!
INFO:werkzeug: * Debugger PIN: 346-290-946
INFO:logger:Logger initialized...
INFO:logger:Starting the application...
INFO:werkzeug:[31m[1mWARNING: This is a development server. Do not use it in a production deployment. Use a production WSGI server instead.[0m
 * Running on all addresses (0.0.0.0)
 * Running on https://127.0.0.1:8080
 * Running on https://172.21.0.3:8080
INFO:werkzeug:[33mPress CTRL+C to quit[0m
INFO:werkzeug: * Restarting with stat
INFO:logger:Logger initialized...
INFO:logger:Starting the application...
WARNING:werkzeug: * Debugger is active!
INFO:werkzeug: * Debugger PIN: 992-306-354
INFO:werkzeug: * Detected change in '/app/app.py', reloading
INFO:werkzeug: * Restarting with stat
INFO:werkzeug: * Restarting with stat
INFO:logger:Logger initialized...
INFO:logger:Starting the application...
WARNING:werkzeug: * Debugger is active!
INFO:werkzeug: * Debugger PIN: 992-306-354
INFO:logger:Logger initialized...
INFO:logger:Starting the application...
INFO:werkzeug:[31m[1mWARNING: This is a development server. Do not use it in a production deployment. Use a production WSGI server instead.[0m
 * Running on all addresses (0.0.0.0)
 * Running on https://127.0.0.1:8080
 * Running on https://172.21.0.3:8080
INFO:werkzeug:[33mPress CTRL+C to quit[0m
INFO:werkzeug: * Restarting with stat
INFO:logger:Logger initialized...
INFO:logger:Starting the application...
WARNING:werkzeug: * Debugger is active!
INFO:werkzeug: * Debugger PIN: 131-804-676
INFO:werkzeug: * Detected change in '/app/app.py', reloading
INFO:werkzeug: * Restarting with stat
INFO:logger:Logger initialized...
INFO:logger:Starting the application...
WARNING:werkzeug: * Debugger is active!
INFO:werkzeug: * Debugger PIN: 131-804-676
INFO:werkzeug: * Detected change in '/app/app.py', reloading
INFO:werkzeug: * Restarting with stat
INFO:logger:Logger initialized...
INFO:logger:Starting the application...
WARNING:werkzeug: * Debugger is active!
INFO:werkzeug: * Debugger PIN: 131-804-676
INFO:werkzeug: * Detected change in '/app/app.py', reloading
INFO:werkzeug: * Restarting with stat
INFO:logger:Logger initialized...
INFO:logger:Starting the application...
WARNING:werkzeug: * Debugger is active!
INFO:werkzeug: * Debugger PIN: 131-804-676
INFO:werkzeug: * Detected change in '/app/app.py', reloading
INFO:werkzeug: * Restarting with stat
INFO:logger:Logger initialized...
INFO:logger:Starting the application...
WARNING:werkzeug: * Debugger is active!
INFO:werkzeug: * Debugger PIN: 131-804-676
INFO:logger:Logger initialized...
INFO:logger:Starting the application...
INFO:werkzeug:[31m[1mWARNING: This is a development server. Do not use it in a production deployment. Use a production WSGI server instead.[0m
 * Running on all addresses (0.0.0.0)
 * Running on http://127.0.0.1:8080
 * Running on http://172.21.0.3:8080
INFO:werkzeug:[33mPress CTRL+C to quit[0m
INFO:werkzeug: * Restarting with stat
INFO:logger:Logger initialized...
INFO:logger:Starting the application...
WARNING:werkzeug: * Debugger is active!
INFO:werkzeug: * Debugger PIN: 367-130-407
INFO:werkzeug: * Detected change in '/app/app.py', reloading
INFO:werkzeug: * Restarting with stat
INFO:logger:Logger initialized...
INFO:logger:Starting the application...
WARNING:werkzeug: * Debugger is active!
INFO:werkzeug: * Debugger PIN: 367-130-407
INFO:werkzeug: * Detected change in '/app/app.py', reloading
INFO:werkzeug: * Restarting with stat
INFO:logger:Logger initialized...
INFO:logger:Starting the application...
WARNING:werkzeug: * Debugger is active!
INFO:werkzeug: * Debugger PIN: 367-130-407
INFO:werkzeug: * Detected change in '/app/app.py', reloading
INFO:werkzeug: * Restarting with stat
INFO:logger:Logger initialized...
INFO:logger:Starting the application...
INFO:werkzeug:[31m[1mWARNING: This is a development server. Do not use it in a production deployment. Use a production WSGI server instead.[0m
 * Running on all addresses (0.0.0.0)
 * Running on http://127.0.0.1:8080
 * Running on http://172.21.0.3:8080
INFO:werkzeug:[33mPress CTRL+C to quit[0m
INFO:werkzeug: * Restarting with stat
INFO:logger:Logger initialized...
INFO:logger:Starting the application...
WARNING:werkzeug: * Debugger is active!
INFO:werkzeug: * Debugger PIN: 367-130-407
INFO:werkzeug: * Detected change in '/app/app.py', reloading
INFO:werkzeug: * Restarting with stat
INFO:logger:Logger initialized...
INFO:logger:Starting the application...
WARNING:werkzeug: * Debugger is active!
INFO:werkzeug: * Debugger PIN: 367-130-407
INFO:werkzeug: * Detected change in '/app/app.py', reloading
INFO:werkzeug: * Restarting with stat
INFO:logger:Logger initialized...
INFO:logger:Starting the application...
WARNING:werkzeug: * Debugger is active!
INFO:werkzeug: * Debugger PIN: 367-130-407
INFO:werkzeug: * Detected change in '/app/app.py', reloading
INFO:werkzeug: * Restarting with stat
INFO:logger:Logger initialized...
INFO:logger:Starting the application...
WARNING:werkzeug: * Debugger is active!
INFO:werkzeug: * Debugger PIN: 367-130-407
